<?xml version="1.0" encoding="UTF-8"?>
<!-- Generated by org.testng.reporters.JUnitXMLReporter -->
<testsuite ignored="0" hostname="DESKTOP-F4E7MDH" failures="0" tests="1" name="Test-Runner2" time="58.854" errors="0" timestamp="2022-11-25T17:32:32 IST">
  <testcase classname="vTiger.ContactTests.CreateContactWithOrganizationTest" name="createContactWithOrganizationTest" time="40.51"/>
</testsuite> <!-- Test-Runner2 -->
