<?xml version="1.0" encoding="UTF-8"?>
<!-- Generated by org.testng.reporters.JUnitReportReporter -->
<testsuite hostname="DESKTOP-F4E7MDH" failures="0" tests="3" name="vTiger.Practice.DataProviderPractice" time="0.032" errors="0" timestamp="2022-11-23T16:06:04 IST" skipped="0">
  <testcase classname="vTiger.Practice.DataProviderPractice" name="dataProviderPractice" time="0.023"/>
  <system-out/>
  <testcase classname="vTiger.Practice.DataProviderPractice" name="dataProviderPractice" time="0.004"/>
  <system-out/>
  <testcase classname="vTiger.Practice.DataProviderPractice" name="dataProviderPractice" time="0.005"/>
  <system-out/>
</testsuite> <!-- vTiger.Practice.DataProviderPractice -->
