<?xml version="1.0" encoding="UTF-8"?>
<!-- Generated by org.testng.reporters.JUnitReportReporter -->
<testsuite hostname="DESKTOP-F4E7MDH" failures="0" tests="3" name="vTiger.Practice.dd" time="0.011" errors="0" timestamp="2022-11-24T13:13:47 IST" skipped="0">
  <testcase classname="vTiger.Practice.dd" name="dataProviderTest" time="0.008"/>
  <system-out/>
  <testcase classname="vTiger.Practice.dd" name="dataProviderTest" time="0.001"/>
  <system-out/>
  <testcase classname="vTiger.Practice.dd" name="dataProviderTest" time="0.002"/>
  <system-out/>
</testsuite> <!-- vTiger.Practice.dd -->
