<?xml version="1.0" encoding="UTF-8"?>
<!-- Generated by org.testng.reporters.JUnitReportReporter -->
<testsuite hostname="DESKTOP-F4E7MDH" failures="0" tests="7" name="vTiger.OrganizationTests.CreateMultipleOrganization" time="195.698" errors="0" timestamp="2022-11-23T19:53:36 IST" skipped="0">
  <testcase classname="vTiger.OrganizationTests.CreateMultipleOrganization" name="createMutlipleOrg" time="46.719"/>
  <system-out/>
  <testcase classname="vTiger.OrganizationTests.CreateMultipleOrganization" name="createMutlipleOrg" time="23.818"/>
  <system-out/>
  <testcase classname="vTiger.OrganizationTests.CreateMultipleOrganization" name="createMutlipleOrg" time="24.128"/>
  <system-out/>
  <testcase classname="vTiger.OrganizationTests.CreateMultipleOrganization" name="createMutlipleOrg" time="26.230"/>
  <system-out/>
  <testcase classname="vTiger.OrganizationTests.CreateMultipleOrganization" name="createMutlipleOrg" time="24.195"/>
  <system-out/>
  <testcase classname="vTiger.OrganizationTests.CreateMultipleOrganization" name="createMutlipleOrg" time="24.830"/>
  <system-out/>
  <testcase classname="vTiger.OrganizationTests.CreateMultipleOrganization" name="createMutlipleOrg" time="25.778"/>
  <system-out/>
</testsuite> <!-- vTiger.OrganizationTests.CreateMultipleOrganization -->
