<?xml version="1.0" encoding="UTF-8"?>
<!-- Generated by org.testng.reporters.JUnitReportReporter -->
<testsuite hostname="DESKTOP-F4E7MDH" failures="0" tests="3" name="vTiger.Practice.BaseClassPractice" time="0.024" errors="0" timestamp="2022-12-10T15:06:23 IST" skipped="0">
  <testcase classname="vTiger.Practice.BaseClassPractice" name="test1" time="0.011"/>
  <system-out/>
  <testcase classname="vTiger.Practice.BaseClassPractice" name="test2" time="0.002"/>
  <system-out/>
  <testcase classname="vTiger.Practice.BaseClassPractice" name="test" time="0.011"/>
  <system-out/>
</testsuite> <!-- vTiger.Practice.BaseClassPractice -->
