<?xml version="1.0" encoding="UTF-8"?>
<!-- Generated by org.testng.reporters.JUnitReportReporter -->
<testsuite hostname="DESKTOP-F4E7MDH" failures="0" tests="1" name="vTiger.GenericUtilities.BaseClassPractice" time="9.584" errors="0" timestamp="2022-12-10T16:11:04 IST" skipped="0">
  <testcase classname="vTiger.GenericUtilities.BaseClassPractice" name="test" time="9.584"/>
  <system-out/>
</testsuite> <!-- vTiger.GenericUtilities.BaseClassPractice -->
